<?xml version="1.0" encoding="UTF-8"?>
<testsuite name="com.sinensia.demo.DemoProjectApplicationTests" tests="34" skipped="0" failures="0" errors="0" timestamp="2022-02-02T10:53:39" hostname="ubuntu" time="6.058">
  <properties/>
  <testcase name="canAddFloat()" classname="com.sinensia.demo.DemoProjectApplicationTests" time="2.528"/>
  <testcase name="canAddNullA(TestRestTemplate)" classname="com.sinensia.demo.DemoProjectApplicationTests" time="0.085"/>
  <testcase name="canAddNullB(TestRestTemplate)" classname="com.sinensia.demo.DemoProjectApplicationTests" time="0.043"/>
  <testcase name="test multiple input values [1] (a, Hello a!) &quot;a&quot; -&gt; &quot;Hello a!&quot;" classname="com.sinensia.demo.DemoProjectApplicationTests" time="0.071"/>
  <testcase name="test multiple input values [2] (b, Hello b!) &quot;b&quot; -&gt; &quot;Hello b!&quot;" classname="com.sinensia.demo.DemoProjectApplicationTests" time="0.04"/>
  <testcase name="test multiple input values [3] (null, Hello null!) &quot;null&quot; -&gt; &quot;Hello null!&quot;" classname="com.sinensia.demo.DemoProjectApplicationTests" time="0.021"/>
  <testcase name="test multiple input values [4] (, Hello World!) &quot;&quot; -&gt; &quot;Hello World!&quot;" classname="com.sinensia.demo.DemoProjectApplicationTests" time="0.141"/>
  <testcase name="test multiple input values [5] ( , Hello  !) &quot; &quot; -&gt; &quot;Hello  !&quot;" classname="com.sinensia.demo.DemoProjectApplicationTests" time="0.035"/>
  <testcase name="test multiple input values [6] (first+last, Hello first last!) &quot;first+last&quot; -&gt; &quot;Hello first last!&quot;" classname="com.sinensia.demo.DemoProjectApplicationTests" time="0.046"/>
  <testcase name="canAdd(TestRestTemplate)" classname="com.sinensia.demo.DemoProjectApplicationTests" time="0.083"/>
  <testcase name="canAddFraction(TestRestTemplate)" classname="com.sinensia.demo.DemoProjectApplicationTests" time="0.043"/>
  <testcase name="helloTestName(TestRestTemplate)" classname="com.sinensia.demo.DemoProjectApplicationTests" time="0.043"/>
  <testcase name="rootTest(TestRestTemplate)" classname="com.sinensia.demo.DemoProjectApplicationTests" time="0.068"/>
  <testcase name="multiple additions [1] 1 + 2 = 3" classname="com.sinensia.demo.DemoProjectApplicationTests" time="0.057"/>
  <testcase name="multiple additions [2] 1 + 1 = 2" classname="com.sinensia.demo.DemoProjectApplicationTests" time="0.028"/>
  <testcase name="multiple additions [3] 1.0 + 1.0 = 2" classname="com.sinensia.demo.DemoProjectApplicationTests" time="0.066"/>
  <testcase name="multiple additions [4] 1 + -2 = -1" classname="com.sinensia.demo.DemoProjectApplicationTests" time="0.087"/>
  <testcase name="multiple additions [5] 1.5 + 2 = 3.5" classname="com.sinensia.demo.DemoProjectApplicationTests" time="0.09"/>
  <testcase name="multiple additions [6]  + 2 = 2" classname="com.sinensia.demo.DemoProjectApplicationTests" time="0.104"/>
  <testcase name="multiple additions [7] 1.5 + 1.5 = 3" classname="com.sinensia.demo.DemoProjectApplicationTests" time="0.087"/>
  <testcase name="helloTestDefault(TestRestTemplate)" classname="com.sinensia.demo.DemoProjectApplicationTests" time="0.044"/>
  <testcase name="canAddExceptionJsonString()" classname="com.sinensia.demo.DemoProjectApplicationTests" time="0.385"/>
  <testcase name="contextLoads()" classname="com.sinensia.demo.DemoProjectApplicationTests" time="0.025"/>
  <testcase name="canAddFloatException()" classname="com.sinensia.demo.DemoProjectApplicationTests" time="0.128"/>
  <testcase name="canAddMultiple(TestRestTemplate)" classname="com.sinensia.demo.DemoProjectApplicationTests" time="0.1"/>
  <testcase name="canAddNegative(TestRestTemplate)" classname="com.sinensia.demo.DemoProjectApplicationTests" time="0.035"/>
  <testcase name="canAddZero(TestRestTemplate)" classname="com.sinensia.demo.DemoProjectApplicationTests" time="0.052"/>
  <testcase name="multiple additions [1] 1 + 2 = 3" classname="com.sinensia.demo.DemoProjectApplicationTests" time="0.088"/>
  <testcase name="multiple additions [2] 1 + 1 = 2" classname="com.sinensia.demo.DemoProjectApplicationTests" time="0.078"/>
  <testcase name="multiple additions [3] 1.0 + 1.0 = 2" classname="com.sinensia.demo.DemoProjectApplicationTests" time="0.077"/>
  <testcase name="multiple additions [4] 1 + -2 = -1" classname="com.sinensia.demo.DemoProjectApplicationTests" time="0.098"/>
  <testcase name="multiple additions [5] 1.5 + 2 = 3.5" classname="com.sinensia.demo.DemoProjectApplicationTests" time="0.063"/>
  <testcase name="multiple additions [6]  + 2 = 2" classname="com.sinensia.demo.DemoProjectApplicationTests" time="0.084"/>
  <testcase name="multiple additions [7] 1.5 + 1.5 = 3" classname="com.sinensia.demo.DemoProjectApplicationTests" time="0.151"/>
  <system-out><![CDATA[11:53:28.643 [Test worker] DEBUG org.springframework.test.context.BootstrapUtils - Instantiating CacheAwareContextLoaderDelegate from class [org.springframework.test.context.cache.DefaultCacheAwareContextLoaderDelegate]
11:53:28.704 [Test worker] DEBUG org.springframework.test.context.BootstrapUtils - Instantiating BootstrapContext using constructor [public org.springframework.test.context.support.DefaultBootstrapContext(java.lang.Class,org.springframework.test.context.CacheAwareContextLoaderDelegate)]
11:53:28.920 [Test worker] DEBUG org.springframework.test.context.BootstrapUtils - Instantiating TestContextBootstrapper for test class [com.sinensia.demo.DemoProjectApplicationTests] from class [org.springframework.boot.test.context.SpringBootTestContextBootstrapper]
11:53:28.985 [Test worker] INFO org.springframework.boot.test.context.SpringBootTestContextBootstrapper - Neither @ContextConfiguration nor @ContextHierarchy found for test class [com.sinensia.demo.DemoProjectApplicationTests], using SpringBootContextLoader
11:53:29.010 [Test worker] DEBUG org.springframework.test.context.support.AbstractContextLoader - Did not detect default resource location for test class [com.sinensia.demo.DemoProjectApplicationTests]: class path resource [com/sinensia/demo/DemoProjectApplicationTests-context.xml] does not exist
11:53:29.012 [Test worker] DEBUG org.springframework.test.context.support.AbstractContextLoader - Did not detect default resource location for test class [com.sinensia.demo.DemoProjectApplicationTests]: class path resource [com/sinensia/demo/DemoProjectApplicationTestsContext.groovy] does not exist
11:53:29.012 [Test worker] INFO org.springframework.test.context.support.AbstractContextLoader - Could not detect default resource locations for test class [com.sinensia.demo.DemoProjectApplicationTests]: no resource found for suffixes {-context.xml, Context.groovy}.
11:53:29.030 [Test worker] DEBUG org.springframework.test.context.support.AnnotationConfigContextLoaderUtils - Ignoring class [com.sinensia.demo.DemoProjectApplicationTests$DivideTests]; it must be static, non-private, non-final, and annotated with @Configuration to be considered a default configuration class.
11:53:29.031 [Test worker] DEBUG org.springframework.test.context.support.AnnotationConfigContextLoaderUtils - Ignoring class [com.sinensia.demo.DemoProjectApplicationTests$MultiplicationTests]; it must be static, non-private, non-final, and annotated with @Configuration to be considered a default configuration class.
11:53:29.033 [Test worker] DEBUG org.springframework.test.context.support.AnnotationConfigContextLoaderUtils - Ignoring class [com.sinensia.demo.DemoProjectApplicationTests$AppTests]; it must be static, non-private, non-final, and annotated with @Configuration to be considered a default configuration class.
11:53:29.034 [Test worker] INFO org.springframework.test.context.support.AnnotationConfigContextLoaderUtils - Could not detect default configuration classes for test class [com.sinensia.demo.DemoProjectApplicationTests]: DemoProjectApplicationTests does not declare any static, non-private, non-final, nested classes annotated with @Configuration.
11:53:29.336 [Test worker] DEBUG org.springframework.test.context.support.ActiveProfilesUtils - Could not find an 'annotation declaring class' for annotation type [org.springframework.test.context.ActiveProfiles] and class [com.sinensia.demo.DemoProjectApplicationTests]
11:53:29.751 [Test worker] DEBUG org.springframework.context.annotation.ClassPathScanningCandidateComponentProvider - Identified candidate component class: file [/home/gftadmin/hello-spring/build/classes/java/main/com/sinensia/demo/DemoProjectApplication.class]
11:53:29.760 [Test worker] INFO org.springframework.boot.test.context.SpringBootTestContextBootstrapper - Found @SpringBootConfiguration com.sinensia.demo.DemoProjectApplication for test class com.sinensia.demo.DemoProjectApplicationTests
11:53:30.295 [Test worker] DEBUG org.springframework.boot.test.context.SpringBootTestContextBootstrapper - @TestExecutionListeners is not present for class [com.sinensia.demo.DemoProjectApplicationTests]: using defaults.
11:53:30.297 [Test worker] INFO org.springframework.boot.test.context.SpringBootTestContextBootstrapper - Loaded default TestExecutionListener class names from location [META-INF/spring.factories]: [org.springframework.boot.test.autoconfigure.restdocs.RestDocsTestExecutionListener, org.springframework.boot.test.autoconfigure.web.client.MockRestServiceServerResetTestExecutionListener, org.springframework.boot.test.autoconfigure.web.servlet.MockMvcPrintOnlyOnFailureTestExecutionListener, org.springframework.boot.test.autoconfigure.web.servlet.WebDriverTestExecutionListener, org.springframework.boot.test.autoconfigure.webservices.client.MockWebServiceServerTestExecutionListener, org.springframework.boot.test.mock.mockito.MockitoTestExecutionListener, org.springframework.boot.test.mock.mockito.ResetMocksTestExecutionListener, org.springframework.test.context.web.ServletTestExecutionListener, org.springframework.test.context.support.DirtiesContextBeforeModesTestExecutionListener, org.springframework.test.context.event.ApplicationEventsTestExecutionListener, org.springframework.test.context.support.DependencyInjectionTestExecutionListener, org.springframework.test.context.support.DirtiesContextTestExecutionListener, org.springframework.test.context.transaction.TransactionalTestExecutionListener, org.springframework.test.context.jdbc.SqlScriptsTestExecutionListener, org.springframework.test.context.event.EventPublishingTestExecutionListener]
11:53:30.349 [Test worker] DEBUG org.springframework.boot.test.context.SpringBootTestContextBootstrapper - Skipping candidate TestExecutionListener [org.springframework.test.context.transaction.TransactionalTestExecutionListener] due to a missing dependency. Specify custom listener classes or make the default listener classes and their required dependencies available. Offending class: [org/springframework/transaction/interceptor/TransactionAttributeSource]
11:53:30.353 [Test worker] DEBUG org.springframework.boot.test.context.SpringBootTestContextBootstrapper - Skipping candidate TestExecutionListener [org.springframework.test.context.jdbc.SqlScriptsTestExecutionListener] due to a missing dependency. Specify custom listener classes or make the default listener classes and their required dependencies available. Offending class: [org/springframework/transaction/interceptor/TransactionAttribute]
11:53:30.357 [Test worker] INFO org.springframework.boot.test.context.SpringBootTestContextBootstrapper - Using TestExecutionListeners: [org.springframework.test.context.web.ServletTestExecutionListener@34cfdd84, org.springframework.test.context.support.DirtiesContextBeforeModesTestExecutionListener@1c7744c1, org.springframework.test.context.event.ApplicationEventsTestExecutionListener@320e179f, org.springframework.boot.test.mock.mockito.MockitoTestExecutionListener@24731caf, org.springframework.boot.test.autoconfigure.SpringBootDependencyInjectionTestExecutionListener@6e1ad658, org.springframework.test.context.support.DirtiesContextTestExecutionListener@486dd616, org.springframework.test.context.event.EventPublishingTestExecutionListener@a1d926b, org.springframework.boot.test.autoconfigure.restdocs.RestDocsTestExecutionListener@36b761e3, org.springframework.boot.test.autoconfigure.web.client.MockRestServiceServerResetTestExecutionListener@e27d97b, org.springframework.boot.test.autoconfigure.web.servlet.MockMvcPrintOnlyOnFailureTestExecutionListener@285c63cf, org.springframework.boot.test.autoconfigure.web.servlet.WebDriverTestExecutionListener@4e343265, org.springframework.boot.test.autoconfigure.webservices.client.MockWebServiceServerTestExecutionListener@4301fa39, org.springframework.boot.test.mock.mockito.ResetMocksTestExecutionListener@73dd0f23]
11:53:30.374 [Test worker] DEBUG org.springframework.test.context.support.AbstractDirtiesContextTestExecutionListener - Before test class: context [DefaultTestContext@42536da6 testClass = DemoProjectApplicationTests, testInstance = [null], testMethod = [null], testException = [null], mergedContextConfiguration = [WebMergedContextConfiguration@7591cbd1 testClass = DemoProjectApplicationTests, locations = '{}', classes = '{class com.sinensia.demo.DemoProjectApplication}', contextInitializerClasses = '[]', activeProfiles = '{}', propertySourceLocations = '{}', propertySourceProperties = '{org.springframework.boot.test.context.SpringBootTestContextBootstrapper=true, server.port=0}', contextCustomizers = set[org.springframework.boot.test.autoconfigure.actuate.metrics.MetricsExportContextCustomizerFactory$DisableMetricExportContextCustomizer@19002b34, org.springframework.boot.test.autoconfigure.properties.PropertyMappingContextCustomizer@ec54a5c9, org.springframework.boot.test.autoconfigure.web.servlet.WebDriverContextCustomizerFactory$Customizer@7b5021d1, [ImportsContextCustomizer@5cdc8499 key = [org.springframework.boot.autoconfigure.security.oauth2.client.reactive.ReactiveOAuth2ClientAutoConfiguration, org.springframework.boot.autoconfigure.security.oauth2.resource.reactive.ReactiveOAuth2ResourceServerAutoConfiguration, org.springframework.boot.autoconfigure.security.reactive.ReactiveSecurityAutoConfiguration, org.springframework.boot.autoconfigure.security.reactive.ReactiveUserDetailsServiceAutoConfiguration, org.springframework.boot.test.autoconfigure.web.reactive.WebTestClientAutoConfiguration]], org.springframework.boot.test.context.filter.ExcludeFilterContextCustomizer@3afca2c, org.springframework.boot.test.json.DuplicateJsonObjectContextCustomizerFactory$DuplicateJsonObjectContextCustomizer@1f758e4f, org.springframework.boot.test.mock.mockito.MockitoContextCustomizer@0, org.springframework.boot.test.web.client.TestRestTemplateContextCustomizer@f95d64d, org.springframework.boot.test.context.SpringBootTestArgs@1, org.springframework.boot.test.context.SpringBootTestWebEnvironment@67e28be3], resourceBasePath = 'src/main/webapp', contextLoader = 'org.springframework.boot.test.context.SpringBootContextLoader', parent = [null]], attributes = map['org.springframework.test.context.web.ServletTestExecutionListener.activateListener' -> false]], class annotated with @DirtiesContext [false] with mode [null].
11:53:30.452 [Test worker] DEBUG org.springframework.test.context.support.DependencyInjectionTestExecutionListener - Performing dependency injection for test context [[DefaultTestContext@42536da6 testClass = DemoProjectApplicationTests, testInstance = com.sinensia.demo.DemoProjectApplicationTests@296bfddb, testMethod = [null], testException = [null], mergedContextConfiguration = [WebMergedContextConfiguration@7591cbd1 testClass = DemoProjectApplicationTests, locations = '{}', classes = '{class com.sinensia.demo.DemoProjectApplication}', contextInitializerClasses = '[]', activeProfiles = '{}', propertySourceLocations = '{}', propertySourceProperties = '{org.springframework.boot.test.context.SpringBootTestContextBootstrapper=true, server.port=0}', contextCustomizers = set[org.springframework.boot.test.autoconfigure.actuate.metrics.MetricsExportContextCustomizerFactory$DisableMetricExportContextCustomizer@19002b34, org.springframework.boot.test.autoconfigure.properties.PropertyMappingContextCustomizer@ec54a5c9, org.springframework.boot.test.autoconfigure.web.servlet.WebDriverContextCustomizerFactory$Customizer@7b5021d1, [ImportsContextCustomizer@5cdc8499 key = [org.springframework.boot.autoconfigure.security.oauth2.client.reactive.ReactiveOAuth2ClientAutoConfiguration, org.springframework.boot.autoconfigure.security.oauth2.resource.reactive.ReactiveOAuth2ResourceServerAutoConfiguration, org.springframework.boot.autoconfigure.security.reactive.ReactiveSecurityAutoConfiguration, org.springframework.boot.autoconfigure.security.reactive.ReactiveUserDetailsServiceAutoConfiguration, org.springframework.boot.test.autoconfigure.web.reactive.WebTestClientAutoConfiguration]], org.springframework.boot.test.context.filter.ExcludeFilterContextCustomizer@3afca2c, org.springframework.boot.test.json.DuplicateJsonObjectContextCustomizerFactory$DuplicateJsonObjectContextCustomizer@1f758e4f, org.springframework.boot.test.mock.mockito.MockitoContextCustomizer@0, org.springframework.boot.test.web.client.TestRestTemplateContextCustomizer@f95d64d, org.springframework.boot.test.context.SpringBootTestArgs@1, org.springframework.boot.test.context.SpringBootTestWebEnvironment@67e28be3], resourceBasePath = 'src/main/webapp', contextLoader = 'org.springframework.boot.test.context.SpringBootContextLoader', parent = [null]], attributes = map['org.springframework.test.context.web.ServletTestExecutionListener.activateListener' -> false, 'org.springframework.test.context.event.ApplicationEventsTestExecutionListener.recordApplicationEvents' -> false]]].

  .   ____          _            __ _ _
 /\\ / ___'_ __ _ _(_)_ __  __ _ \ \ \ \
( ( )\___ | '_ | '_| | '_ \/ _` | \ \ \ \
 \\/  ___)| |_)| | | | | || (_| |  ) ) ) )
  '  |____| .__|_| |_|_| |_\__, | / / / /
 =========|_|==============|___/=/_/_/_/
 :: Spring Boot ::                (v2.6.3)

2022-02-02 11:53:32.484  INFO 9640 --- [    Test worker] c.s.demo.DemoProjectApplicationTests     : Starting DemoProjectApplicationTests using Java 11.0.13 on ubuntu with PID 9640 (started by gftadmin in /home/gftadmin/hello-spring)
2022-02-02 11:53:32.487  INFO 9640 --- [    Test worker] c.s.demo.DemoProjectApplicationTests     : No active profile set, falling back to default profiles: default
2022-02-02 11:53:36.282  INFO 9640 --- [    Test worker] o.s.b.w.embedded.tomcat.TomcatWebServer  : Tomcat initialized with port(s): 0 (http)
2022-02-02 11:53:36.338  INFO 9640 --- [    Test worker] o.apache.catalina.core.StandardService   : Starting service [Tomcat]
2022-02-02 11:53:36.342  INFO 9640 --- [    Test worker] org.apache.catalina.core.StandardEngine  : Starting Servlet engine: [Apache Tomcat/9.0.56]
2022-02-02 11:53:36.712  INFO 9640 --- [    Test worker] o.a.c.c.C.[Tomcat].[localhost].[/]       : Initializing Spring embedded WebApplicationContext
2022-02-02 11:53:36.724  INFO 9640 --- [    Test worker] w.s.c.ServletWebServerApplicationContext : Root WebApplicationContext: initialization completed in 4178 ms
2022-02-02 11:53:39.214  INFO 9640 --- [    Test worker] o.s.b.w.embedded.tomcat.TomcatWebServer  : Tomcat started on port(s): 34929 (http) with context path ''
2022-02-02 11:53:39.243  INFO 9640 --- [    Test worker] c.s.demo.DemoProjectApplicationTests     : Started DemoProjectApplicationTests in 8.658 seconds (JVM running for 14.615)
2022-02-02 11:53:40.896  INFO 9640 --- [o-auto-1-exec-1] o.a.c.c.C.[Tomcat].[localhost].[/]       : Initializing Spring DispatcherServlet 'dispatcherServlet'
2022-02-02 11:53:40.900  INFO 9640 --- [o-auto-1-exec-1] o.s.web.servlet.DispatcherServlet        : Initializing Servlet 'dispatcherServlet'
2022-02-02 11:53:40.906  INFO 9640 --- [o-auto-1-exec-1] o.s.web.servlet.DispatcherServlet        : Completed initialization in 3 ms
2022-02-02 11:53:43.683  WARN 9640 --- [o-auto-1-exec-2] .w.s.m.s.DefaultHandlerExceptionResolver : Resolved [org.springframework.web.method.annotation.MethodArgumentTypeMismatchException: Failed to convert value of type 'java.lang.String' to required type 'java.lang.Float'; nested exception is java.lang.NumberFormatException: For input string: "string"]
2022-02-02 11:53:44.133  WARN 9640 --- [o-auto-1-exec-3] .w.s.m.s.DefaultHandlerExceptionResolver : Resolved [org.springframework.web.method.annotation.MethodArgumentTypeMismatchException: Failed to convert value of type 'java.lang.String' to required type 'java.lang.Float'; nested exception is java.lang.NumberFormatException: For input string: "hola"]
]]></system-out>
  <system-err><![CDATA[]]></system-err>
</testsuite>
