<!DOCTYPE html>
<html>
<head>
<meta http-equiv="Content-Type" content="text/html; charset=utf-8"/>
<meta http-equiv="x-ua-compatible" content="IE=edge"/>
<title>Test results - DemoProjectApplicationTests</title>
<link href="../css/base-style.css" rel="stylesheet" type="text/css"/>
<link href="../css/style.css" rel="stylesheet" type="text/css"/>
<script src="../js/report.js" type="text/javascript"></script>
</head>
<body>
<div id="content">
<h1>DemoProjectApplicationTests</h1>
<div class="breadcrumbs">
<a href="../index.html">all</a> &gt; 
<a href="../packages/com.sinensia.demo.html">com.sinensia.demo</a> &gt; DemoProjectApplicationTests</div>
<div id="summary">
<table>
<tr>
<td>
<div class="summaryGroup">
<table>
<tr>
<td>
<div class="infoBox" id="tests">
<div class="counter">34</div>
<p>tests</p>
</div>
</td>
<td>
<div class="infoBox" id="failures">
<div class="counter">0</div>
<p>failures</p>
</div>
</td>
<td>
<div class="infoBox" id="ignored">
<div class="counter">0</div>
<p>ignored</p>
</div>
</td>
<td>
<div class="infoBox" id="duration">
<div class="counter">2.125s</div>
<p>duration</p>
</div>
</td>
</tr>
</table>
</div>
</td>
<td>
<div class="infoBox success" id="successRate">
<div class="percent">100%</div>
<p>successful</p>
</div>
</td>
</tr>
</table>
</div>
<div id="tabs">
<ul class="tabLinks">
<li>
<a href="#tab0">Tests</a>
</li>
<li>
<a href="#tab1">Standard output</a>
</li>
</ul>
<div id="tab0" class="tab">
<h2>Tests</h2>
<table>
<thead>
<tr>
<th>Test</th>
<th>Method name</th>
<th>Duration</th>
<th>Result</th>
</tr>
</thead>
<tr>
<td class="success">canAdd(TestRestTemplate)</td>
<td class="success">canAdd(TestRestTemplate)</td>
<td class="success">0.025s</td>
<td class="success">passed</td>
</tr>
<tr>
<td class="success">multiple additions [1] 1 + 2 = 3</td>
<td class="success">canAddCsvParameterized(String, String, String)[1]</td>
<td class="success">0.018s</td>
<td class="success">passed</td>
</tr>
<tr>
<td class="success">multiple additions [2] 1 + 1 = 2</td>
<td class="success">canAddCsvParameterized(String, String, String)[2]</td>
<td class="success">0.025s</td>
<td class="success">passed</td>
</tr>
<tr>
<td class="success">multiple additions [3] 1.0 + 1.0 = 2</td>
<td class="success">canAddCsvParameterized(String, String, String)[3]</td>
<td class="success">0.012s</td>
<td class="success">passed</td>
</tr>
<tr>
<td class="success">multiple additions [4] 1 + -2 = -1</td>
<td class="success">canAddCsvParameterized(String, String, String)[4]</td>
<td class="success">0.023s</td>
<td class="success">passed</td>
</tr>
<tr>
<td class="success">multiple additions [5] 1.5 + 2 = 3.5</td>
<td class="success">canAddCsvParameterized(String, String, String)[5]</td>
<td class="success">0.023s</td>
<td class="success">passed</td>
</tr>
<tr>
<td class="success">multiple additions [6]  + 2 = 2</td>
<td class="success">canAddCsvParameterized(String, String, String)[6]</td>
<td class="success">0.015s</td>
<td class="success">passed</td>
</tr>
<tr>
<td class="success">multiple additions [7] 1.5 + 1.5 = 3</td>
<td class="success">canAddCsvParameterized(String, String, String)[7]</td>
<td class="success">0.014s</td>
<td class="success">passed</td>
</tr>
<tr>
<td class="success">multiple additions [1] 1 + 2 = 3</td>
<td class="success">canAddCsvParameterizedFloat(String, String, String)[1]</td>
<td class="success">0.055s</td>
<td class="success">passed</td>
</tr>
<tr>
<td class="success">multiple additions [2] 1 + 1 = 2</td>
<td class="success">canAddCsvParameterizedFloat(String, String, String)[2]</td>
<td class="success">0.019s</td>
<td class="success">passed</td>
</tr>
<tr>
<td class="success">multiple additions [3] 1.0 + 1.0 = 2</td>
<td class="success">canAddCsvParameterizedFloat(String, String, String)[3]</td>
<td class="success">0.046s</td>
<td class="success">passed</td>
</tr>
<tr>
<td class="success">multiple additions [4] 1 + -2 = -1</td>
<td class="success">canAddCsvParameterizedFloat(String, String, String)[4]</td>
<td class="success">0.043s</td>
<td class="success">passed</td>
</tr>
<tr>
<td class="success">multiple additions [5] 1.5 + 2 = 3.5</td>
<td class="success">canAddCsvParameterizedFloat(String, String, String)[5]</td>
<td class="success">0.033s</td>
<td class="success">passed</td>
</tr>
<tr>
<td class="success">multiple additions [6]  + 2 = 2</td>
<td class="success">canAddCsvParameterizedFloat(String, String, String)[6]</td>
<td class="success">0.012s</td>
<td class="success">passed</td>
</tr>
<tr>
<td class="success">multiple additions [7] 1.5 + 1.5 = 3</td>
<td class="success">canAddCsvParameterizedFloat(String, String, String)[7]</td>
<td class="success">0.019s</td>
<td class="success">passed</td>
</tr>
<tr>
<td class="success">canAddExceptionJsonString()</td>
<td class="success">canAddExceptionJsonString()</td>
<td class="success">0.087s</td>
<td class="success">passed</td>
</tr>
<tr>
<td class="success">canAddFloat()</td>
<td class="success">canAddFloat()</td>
<td class="success">0.981s</td>
<td class="success">passed</td>
</tr>
<tr>
<td class="success">canAddFloatException()</td>
<td class="success">canAddFloatException()</td>
<td class="success">0.055s</td>
<td class="success">passed</td>
</tr>
<tr>
<td class="success">canAddFraction(TestRestTemplate)</td>
<td class="success">canAddFraction(TestRestTemplate)</td>
<td class="success">0.018s</td>
<td class="success">passed</td>
</tr>
<tr>
<td class="success">canAddMultiple(TestRestTemplate)</td>
<td class="success">canAddMultiple(TestRestTemplate)</td>
<td class="success">0.054s</td>
<td class="success">passed</td>
</tr>
<tr>
<td class="success">canAddNegative(TestRestTemplate)</td>
<td class="success">canAddNegative(TestRestTemplate)</td>
<td class="success">0.013s</td>
<td class="success">passed</td>
</tr>
<tr>
<td class="success">canAddNullA(TestRestTemplate)</td>
<td class="success">canAddNullA(TestRestTemplate)</td>
<td class="success">0.079s</td>
<td class="success">passed</td>
</tr>
<tr>
<td class="success">canAddNullB(TestRestTemplate)</td>
<td class="success">canAddNullB(TestRestTemplate)</td>
<td class="success">0.054s</td>
<td class="success">passed</td>
</tr>
<tr>
<td class="success">canAddZero(TestRestTemplate)</td>
<td class="success">canAddZero(TestRestTemplate)</td>
<td class="success">0.035s</td>
<td class="success">passed</td>
</tr>
<tr>
<td class="success">contextLoads()</td>
<td class="success">contextLoads()</td>
<td class="success">0.016s</td>
<td class="success">passed</td>
</tr>
<tr>
<td class="success">test multiple input values [1] (a, Hello a!) &quot;a&quot; -&gt; &quot;Hello a!&quot;</td>
<td class="success">helloParamNamesCsv(String, String)[1]</td>
<td class="success">0.119s</td>
<td class="success">passed</td>
</tr>
<tr>
<td class="success">test multiple input values [2] (b, Hello b!) &quot;b&quot; -&gt; &quot;Hello b!&quot;</td>
<td class="success">helloParamNamesCsv(String, String)[2]</td>
<td class="success">0.033s</td>
<td class="success">passed</td>
</tr>
<tr>
<td class="success">test multiple input values [3] (null, Hello null!) &quot;null&quot; -&gt; &quot;Hello null!&quot;</td>
<td class="success">helloParamNamesCsv(String, String)[3]</td>
<td class="success">0.057s</td>
<td class="success">passed</td>
</tr>
<tr>
<td class="success">test multiple input values [4] (, Hello World!) &quot;&quot; -&gt; &quot;Hello World!&quot;</td>
<td class="success">helloParamNamesCsv(String, String)[4]</td>
<td class="success">0.053s</td>
<td class="success">passed</td>
</tr>
<tr>
<td class="success">test multiple input values [5] ( , Hello  !) &quot; &quot; -&gt; &quot;Hello  !&quot;</td>
<td class="success">helloParamNamesCsv(String, String)[5]</td>
<td class="success">0.018s</td>
<td class="success">passed</td>
</tr>
<tr>
<td class="success">test multiple input values [6] (first+last, Hello first last!) &quot;first+last&quot; -&gt; &quot;Hello first last!&quot;</td>
<td class="success">helloParamNamesCsv(String, String)[6]</td>
<td class="success">0.021s</td>
<td class="success">passed</td>
</tr>
<tr>
<td class="success">helloTestDefault(TestRestTemplate)</td>
<td class="success">helloTestDefault(TestRestTemplate)</td>
<td class="success">0.014s</td>
<td class="success">passed</td>
</tr>
<tr>
<td class="success">helloTestName(TestRestTemplate)</td>
<td class="success">helloTestName(TestRestTemplate)</td>
<td class="success">0.017s</td>
<td class="success">passed</td>
</tr>
<tr>
<td class="success">rootTest(TestRestTemplate)</td>
<td class="success">rootTest(TestRestTemplate)</td>
<td class="success">0.019s</td>
<td class="success">passed</td>
</tr>
</table>
</div>
<div id="tab1" class="tab">
<h2>Standard output</h2>
<span class="code">
<pre>12:42:53.072 [Test worker] DEBUG org.springframework.test.context.BootstrapUtils - Instantiating CacheAwareContextLoaderDelegate from class [org.springframework.test.context.cache.DefaultCacheAwareContextLoaderDelegate]
12:42:53.086 [Test worker] DEBUG org.springframework.test.context.BootstrapUtils - Instantiating BootstrapContext using constructor [public org.springframework.test.context.support.DefaultBootstrapContext(java.lang.Class,org.springframework.test.context.CacheAwareContextLoaderDelegate)]
12:42:53.173 [Test worker] DEBUG org.springframework.test.context.BootstrapUtils - Instantiating TestContextBootstrapper for test class [com.sinensia.demo.DemoProjectApplicationTests] from class [org.springframework.boot.test.context.SpringBootTestContextBootstrapper]
12:42:53.221 [Test worker] INFO org.springframework.boot.test.context.SpringBootTestContextBootstrapper - Neither @ContextConfiguration nor @ContextHierarchy found for test class [com.sinensia.demo.DemoProjectApplicationTests], using SpringBootContextLoader
12:42:53.239 [Test worker] DEBUG org.springframework.test.context.support.AbstractContextLoader - Did not detect default resource location for test class [com.sinensia.demo.DemoProjectApplicationTests]: class path resource [com/sinensia/demo/DemoProjectApplicationTests-context.xml] does not exist
12:42:53.247 [Test worker] DEBUG org.springframework.test.context.support.AbstractContextLoader - Did not detect default resource location for test class [com.sinensia.demo.DemoProjectApplicationTests]: class path resource [com/sinensia/demo/DemoProjectApplicationTestsContext.groovy] does not exist
12:42:53.250 [Test worker] INFO org.springframework.test.context.support.AbstractContextLoader - Could not detect default resource locations for test class [com.sinensia.demo.DemoProjectApplicationTests]: no resource found for suffixes {-context.xml, Context.groovy}.
12:42:53.256 [Test worker] DEBUG org.springframework.test.context.support.AnnotationConfigContextLoaderUtils - Ignoring class [com.sinensia.demo.DemoProjectApplicationTests$AppTests]; it must be static, non-private, non-final, and annotated with @Configuration to be considered a default configuration class.
12:42:53.259 [Test worker] INFO org.springframework.test.context.support.AnnotationConfigContextLoaderUtils - Could not detect default configuration classes for test class [com.sinensia.demo.DemoProjectApplicationTests]: DemoProjectApplicationTests does not declare any static, non-private, non-final, nested classes annotated with @Configuration.
12:42:53.438 [Test worker] DEBUG org.springframework.test.context.support.ActiveProfilesUtils - Could not find an 'annotation declaring class' for annotation type [org.springframework.test.context.ActiveProfiles] and class [com.sinensia.demo.DemoProjectApplicationTests]
12:42:53.593 [Test worker] DEBUG org.springframework.context.annotation.ClassPathScanningCandidateComponentProvider - Identified candidate component class: file [/home/gftadmin/hello-spring/build/classes/java/main/com/sinensia/demo/DemoProjectApplication.class]
12:42:53.595 [Test worker] INFO org.springframework.boot.test.context.SpringBootTestContextBootstrapper - Found @SpringBootConfiguration com.sinensia.demo.DemoProjectApplication for test class com.sinensia.demo.DemoProjectApplicationTests
12:42:53.804 [Test worker] DEBUG org.springframework.boot.test.context.SpringBootTestContextBootstrapper - @TestExecutionListeners is not present for class [com.sinensia.demo.DemoProjectApplicationTests]: using defaults.
12:42:53.805 [Test worker] INFO org.springframework.boot.test.context.SpringBootTestContextBootstrapper - Loaded default TestExecutionListener class names from location [META-INF/spring.factories]: [org.springframework.boot.test.autoconfigure.restdocs.RestDocsTestExecutionListener, org.springframework.boot.test.autoconfigure.web.client.MockRestServiceServerResetTestExecutionListener, org.springframework.boot.test.autoconfigure.web.servlet.MockMvcPrintOnlyOnFailureTestExecutionListener, org.springframework.boot.test.autoconfigure.web.servlet.WebDriverTestExecutionListener, org.springframework.boot.test.autoconfigure.webservices.client.MockWebServiceServerTestExecutionListener, org.springframework.boot.test.mock.mockito.MockitoTestExecutionListener, org.springframework.boot.test.mock.mockito.ResetMocksTestExecutionListener, org.springframework.test.context.web.ServletTestExecutionListener, org.springframework.test.context.support.DirtiesContextBeforeModesTestExecutionListener, org.springframework.test.context.event.ApplicationEventsTestExecutionListener, org.springframework.test.context.support.DependencyInjectionTestExecutionListener, org.springframework.test.context.support.DirtiesContextTestExecutionListener, org.springframework.test.context.transaction.TransactionalTestExecutionListener, org.springframework.test.context.jdbc.SqlScriptsTestExecutionListener, org.springframework.test.context.event.EventPublishingTestExecutionListener]
12:42:53.824 [Test worker] DEBUG org.springframework.boot.test.context.SpringBootTestContextBootstrapper - Skipping candidate TestExecutionListener [org.springframework.test.context.transaction.TransactionalTestExecutionListener] due to a missing dependency. Specify custom listener classes or make the default listener classes and their required dependencies available. Offending class: [org/springframework/transaction/interceptor/TransactionAttributeSource]
12:42:53.826 [Test worker] DEBUG org.springframework.boot.test.context.SpringBootTestContextBootstrapper - Skipping candidate TestExecutionListener [org.springframework.test.context.jdbc.SqlScriptsTestExecutionListener] due to a missing dependency. Specify custom listener classes or make the default listener classes and their required dependencies available. Offending class: [org/springframework/transaction/interceptor/TransactionAttribute]
12:42:53.827 [Test worker] INFO org.springframework.boot.test.context.SpringBootTestContextBootstrapper - Using TestExecutionListeners: [org.springframework.test.context.web.ServletTestExecutionListener@485a3466, org.springframework.test.context.support.DirtiesContextBeforeModesTestExecutionListener@25748410, org.springframework.test.context.event.ApplicationEventsTestExecutionListener@2b43529a, org.springframework.boot.test.mock.mockito.MockitoTestExecutionListener@4264b240, org.springframework.boot.test.autoconfigure.SpringBootDependencyInjectionTestExecutionListener@5b04476e, org.springframework.test.context.support.DirtiesContextTestExecutionListener@5ad10c1a, org.springframework.test.context.event.EventPublishingTestExecutionListener@6bb75258, org.springframework.boot.test.autoconfigure.restdocs.RestDocsTestExecutionListener@c260bdc, org.springframework.boot.test.autoconfigure.web.client.MockRestServiceServerResetTestExecutionListener@75e01201, org.springframework.boot.test.autoconfigure.web.servlet.MockMvcPrintOnlyOnFailureTestExecutionListener@2783717b, org.springframework.boot.test.autoconfigure.web.servlet.WebDriverTestExecutionListener@76f7d241, org.springframework.boot.test.autoconfigure.webservices.client.MockWebServiceServerTestExecutionListener@4a335fa8, org.springframework.boot.test.mock.mockito.ResetMocksTestExecutionListener@3f363cf5]
12:42:53.836 [Test worker] DEBUG org.springframework.test.context.support.AbstractDirtiesContextTestExecutionListener - Before test class: context [DefaultTestContext@5ed731d0 testClass = DemoProjectApplicationTests, testInstance = [null], testMethod = [null], testException = [null], mergedContextConfiguration = [WebMergedContextConfiguration@3234f74e testClass = DemoProjectApplicationTests, locations = '{}', classes = '{class com.sinensia.demo.DemoProjectApplication}', contextInitializerClasses = '[]', activeProfiles = '{}', propertySourceLocations = '{}', propertySourceProperties = '{org.springframework.boot.test.context.SpringBootTestContextBootstrapper=true, server.port=0}', contextCustomizers = set[org.springframework.boot.test.autoconfigure.actuate.metrics.MetricsExportContextCustomizerFactory$DisableMetricExportContextCustomizer@62010f5c, org.springframework.boot.test.autoconfigure.properties.PropertyMappingContextCustomizer@ec54a5c9, org.springframework.boot.test.autoconfigure.web.servlet.WebDriverContextCustomizerFactory$Customizer@3daf7722, [ImportsContextCustomizer@7bc10d84 key = [org.springframework.boot.autoconfigure.security.oauth2.client.reactive.ReactiveOAuth2ClientAutoConfiguration, org.springframework.boot.autoconfigure.security.oauth2.resource.reactive.ReactiveOAuth2ResourceServerAutoConfiguration, org.springframework.boot.autoconfigure.security.reactive.ReactiveSecurityAutoConfiguration, org.springframework.boot.autoconfigure.security.reactive.ReactiveUserDetailsServiceAutoConfiguration, org.springframework.boot.test.autoconfigure.web.reactive.WebTestClientAutoConfiguration]], org.springframework.boot.test.context.filter.ExcludeFilterContextCustomizer@63fbfaeb, org.springframework.boot.test.json.DuplicateJsonObjectContextCustomizerFactory$DuplicateJsonObjectContextCustomizer@e57b96d, org.springframework.boot.test.mock.mockito.MockitoContextCustomizer@0, org.springframework.boot.test.web.client.TestRestTemplateContextCustomizer@42b02722, org.springframework.boot.test.context.SpringBootTestArgs@1, org.springframework.boot.test.context.SpringBootTestWebEnvironment@3d34d211], resourceBasePath = 'src/main/webapp', contextLoader = 'org.springframework.boot.test.context.SpringBootContextLoader', parent = [null]], attributes = map['org.springframework.test.context.web.ServletTestExecutionListener.activateListener' -&gt; false]], class annotated with @DirtiesContext [false] with mode [null].
12:42:53.869 [Test worker] DEBUG org.springframework.test.context.support.DependencyInjectionTestExecutionListener - Performing dependency injection for test context [[DefaultTestContext@5ed731d0 testClass = DemoProjectApplicationTests, testInstance = com.sinensia.demo.DemoProjectApplicationTests@165b2f7f, testMethod = [null], testException = [null], mergedContextConfiguration = [WebMergedContextConfiguration@3234f74e testClass = DemoProjectApplicationTests, locations = '{}', classes = '{class com.sinensia.demo.DemoProjectApplication}', contextInitializerClasses = '[]', activeProfiles = '{}', propertySourceLocations = '{}', propertySourceProperties = '{org.springframework.boot.test.context.SpringBootTestContextBootstrapper=true, server.port=0}', contextCustomizers = set[org.springframework.boot.test.autoconfigure.actuate.metrics.MetricsExportContextCustomizerFactory$DisableMetricExportContextCustomizer@62010f5c, org.springframework.boot.test.autoconfigure.properties.PropertyMappingContextCustomizer@ec54a5c9, org.springframework.boot.test.autoconfigure.web.servlet.WebDriverContextCustomizerFactory$Customizer@3daf7722, [ImportsContextCustomizer@7bc10d84 key = [org.springframework.boot.autoconfigure.security.oauth2.client.reactive.ReactiveOAuth2ClientAutoConfiguration, org.springframework.boot.autoconfigure.security.oauth2.resource.reactive.ReactiveOAuth2ResourceServerAutoConfiguration, org.springframework.boot.autoconfigure.security.reactive.ReactiveSecurityAutoConfiguration, org.springframework.boot.autoconfigure.security.reactive.ReactiveUserDetailsServiceAutoConfiguration, org.springframework.boot.test.autoconfigure.web.reactive.WebTestClientAutoConfiguration]], org.springframework.boot.test.context.filter.ExcludeFilterContextCustomizer@63fbfaeb, org.springframework.boot.test.json.DuplicateJsonObjectContextCustomizerFactory$DuplicateJsonObjectContextCustomizer@e57b96d, org.springframework.boot.test.mock.mockito.MockitoContextCustomizer@0, org.springframework.boot.test.web.client.TestRestTemplateContextCustomizer@42b02722, org.springframework.boot.test.context.SpringBootTestArgs@1, org.springframework.boot.test.context.SpringBootTestWebEnvironment@3d34d211], resourceBasePath = 'src/main/webapp', contextLoader = 'org.springframework.boot.test.context.SpringBootContextLoader', parent = [null]], attributes = map['org.springframework.test.context.web.ServletTestExecutionListener.activateListener' -&gt; false, 'org.springframework.test.context.event.ApplicationEventsTestExecutionListener.recordApplicationEvents' -&gt; false]]].

  .   ____          _            __ _ _
 /\\ / ___'_ __ _ _(_)_ __  __ _ \ \ \ \
( ( )\___ | '_ | '_| | '_ \/ _` | \ \ \ \
 \\/  ___)| |_)| | | | | || (_| |  ) ) ) )
  '  |____| .__|_| |_|_| |_\__, | / / / /
 =========|_|==============|___/=/_/_/_/
 :: Spring Boot ::                (v2.6.3)

2022-01-31 12:42:54.768  INFO 89260 --- [    Test worker] c.s.demo.DemoProjectApplicationTests     : Starting DemoProjectApplicationTests using Java 11.0.13 on ubuntu with PID 89260 (started by gftadmin in /home/gftadmin/hello-spring)
2022-01-31 12:42:54.771  INFO 89260 --- [    Test worker] c.s.demo.DemoProjectApplicationTests     : No active profile set, falling back to default profiles: default
2022-01-31 12:42:57.004  INFO 89260 --- [    Test worker] o.s.b.w.embedded.tomcat.TomcatWebServer  : Tomcat initialized with port(s): 0 (http)
2022-01-31 12:42:57.032  INFO 89260 --- [    Test worker] o.apache.catalina.core.StandardService   : Starting service [Tomcat]
2022-01-31 12:42:57.035  INFO 89260 --- [    Test worker] org.apache.catalina.core.StandardEngine  : Starting Servlet engine: [Apache Tomcat/9.0.56]
2022-01-31 12:42:57.264  INFO 89260 --- [    Test worker] o.a.c.c.C.[Tomcat].[localhost].[/]       : Initializing Spring embedded WebApplicationContext
2022-01-31 12:42:57.265  INFO 89260 --- [    Test worker] w.s.c.ServletWebServerApplicationContext : Root WebApplicationContext: initialization completed in 2412 ms
2022-01-31 12:42:58.610  INFO 89260 --- [    Test worker] o.s.b.w.embedded.tomcat.TomcatWebServer  : Tomcat started on port(s): 36439 (http) with context path ''
2022-01-31 12:42:58.635  INFO 89260 --- [    Test worker] c.s.demo.DemoProjectApplicationTests     : Started DemoProjectApplicationTests in 4.722 seconds (JVM running for 7.077)
2022-01-31 12:42:59.387  INFO 89260 --- [o-auto-1-exec-1] o.a.c.c.C.[Tomcat].[localhost].[/]       : Initializing Spring DispatcherServlet 'dispatcherServlet'
2022-01-31 12:42:59.388  INFO 89260 --- [o-auto-1-exec-1] o.s.web.servlet.DispatcherServlet        : Initializing Servlet 'dispatcherServlet'
2022-01-31 12:42:59.392  INFO 89260 --- [o-auto-1-exec-1] o.s.web.servlet.DispatcherServlet        : Completed initialization in 2 ms
2022-01-31 12:43:00.731  WARN 89260 --- [o-auto-1-exec-2] .w.s.m.s.DefaultHandlerExceptionResolver : Resolved [org.springframework.web.method.annotation.MethodArgumentTypeMismatchException: Failed to convert value of type 'java.lang.String' to required type 'java.lang.Float'; nested exception is java.lang.NumberFormatException: For input string: &quot;string&quot;]
2022-01-31 12:43:00.853  WARN 89260 --- [o-auto-1-exec-3] .w.s.m.s.DefaultHandlerExceptionResolver : Resolved [org.springframework.web.method.annotation.MethodArgumentTypeMismatchException: Failed to convert value of type 'java.lang.String' to required type 'java.lang.Float'; nested exception is java.lang.NumberFormatException: For input string: &quot;hola&quot;]
</pre>
</span>
</div>
</div>
<div id="footer">
<p>
<div>
<label class="hidden" id="label-for-line-wrapping-toggle" for="line-wrapping-toggle">Wrap lines
<input id="line-wrapping-toggle" type="checkbox" autocomplete="off"/>
</label>
</div>Generated by 
<a href="http://www.gradle.org">Gradle 7.3.3</a> at Jan 31, 2022, 12:43:01 PM</p>
</div>
</div>
</body>
</html>
